BoostSpeed/proguard/seeds.txt
com.boost.clean.speedbooster.IntroActivity
com.boost.clean.speedbooster.IntroActivity: java.util.Timer timer
com.boost.clean.speedbooster.IntroActivity: com.daimajia.numberprogressbar.NumberProgressBar bnp
com.boost.clean.speedbooster.IntroActivity: IntroActivity()
com.boost.clean.speedbooster.IntroActivity: void onCreate(android.os.Bundle)
com.boost.clean.speedbooster.IntroActivity: void onDestroy()
com.boost.clean.speedbooster.IntroActivity: void onProgressChange(int,int)
com.boost.clean.speedbooster.IntroActivity: android.view.View onCreateView(android.view.View,java.lang.String,android.content.Context,android.util.AttributeSet)
com.boost.clean.speedbooster.IntroActivity: android.view.View onCreateView(java.lang.String,android.content.Context,android.util.AttributeSet)
com.boost.clean.speedbooster.IntroActivity: com.daimajia.numberprogressbar.NumberProgressBar access$2(com.boost.clean.speedbooster.IntroActivity)
com.boost.clean.speedbooster.MainActivity
com.boost.clean.speedbooster.MainActivity: MainActivity()
com.boost.clean.speedbooster.MainActivity$HeaderBarType: com.boost.clean.speedbooster.MainActivity$HeaderBarType[] values()
com.boost.clean.speedbooster.MainActivity$HeaderBarType: com.boost.clean.speedbooster.MainActivity$HeaderBarType valueOf(java.lang.String)
com.boost.clean.speedbooster.R$anim: int abc_fade_in
com.boost.clean.speedbooster.R$anim: int abc_fade_out
com.boost.clean.speedbooster.R$anim: int abc_grow_fade_in_from_bottom
com.boost.clean.speedbooster.R$anim: int abc_popup_enter
com.boost.clean.speedbooster.R$anim: int abc_popup_exit
com.boost.clean.speedbooster.R$anim: int abc_shrink_fade_out_from_bottom
com.boost.clean.speedbooster.R$anim: int abc_slide_in_bottom
com.boost.clean.speedbooster.R$anim: int abc_slide_in_top
com.boost.clean.speedbooster.R$anim: int abc_slide_out_bottom
com.boost.clean.speedbooster.R$anim: int abc_slide_out_top
com.boost.clean.speedbooster.R$anim: int close_main
com.boost.clean.speedbooster.R$anim: int close_next
com.boost.clean.speedbooster.R$anim: int open_main
com.boost.clean.speedbooster.R$anim: int open_next
com.boost.clean.speedbooster.R$anim: int pull_in_left
com.boost.clean.speedbooster.R$anim: int pull_in_right
com.boost.clean.speedbooster.R$anim: int push_out_left
com.boost.clean.speedbooster.R$anim: int push_out_right
com.boost.clean.speedbooster.R$anim: int rotate_image
com.boost.clean.speedbooster.R$anim: int transcale_down
com.boost.clean.speedbooster.R$anim: int transcale_left
com.boost.clean.speedbooster.R$anim: int transcale_right
com.boost.clean.speedbooster.R$anim: int transcale_up
...
android.support.v7.widget.StaggeredGridLayoutManager$LazySpanLookup
android.support.v7.widget.StaggeredGridLayoutManager$LazySpanLookup: int MIN_SIZE
android.support.v7.widget.StaggeredGridLayoutManager$LazySpanLookup: int[] mData
android.support.v7.widget.StaggeredGridLayoutManager$LazySpanLookup: java.util.List mFullSpanItems
android.support.v7.widget.StaggeredGridLayoutManager$LazySpanLookup: StaggeredGridLayoutManager$LazySpanLookup()
android.support.v7.widget.StaggeredGridLayoutManager$LazySpanLookup: int forceInvalidateAfter(int)
android.support.v7.widget.StaggeredGridLayoutManager$LazySpanLookup: int invalidateAfter(int)
android.support.v7.widget.StaggeredGridLayoutManager$LazySpanLookup: int getSpan(int)
android.support.v7.widget.StaggeredGridLayoutManager$LazySpanLookup: void setSpan(int,android.support.v7.widget.StaggeredGridLayoutManager$Span)
android.support.v7.widget.StaggeredGridLayoutManager$LazySpanLookup: int sizeForPosition(int)
android.support.v7.widget.StaggeredGridLayoutManager$LazySpanLookup: void ensureSize(int)
android.support.v7.widget.StaggeredGridLayoutManager$LazySpanLookup: void clear()
android.support.v7.widget.StaggeredGridLayoutManager$LazySpanLookup: void offsetForRemoval(int,int)
android.support.v7.widget.StaggeredGridLayoutManager$LazySpanLookup: void offsetFullSpansForRemoval(int,int)
android.support.v7.widget.StaggeredGridLayoutManager$LazySpanLookup: void offsetForAddition(int,int)
android.support.v7.widget.StaggeredGridLayoutManager$LazySpanLookup$FullSpanItem
android.support.v7.widget.StaggeredGridLayoutManager$LazySpanLookup$FullSpanItem: int mPosition
android.support.v7.widget.StaggeredGridLayoutManager$LazySpanLookup$FullSpanItem: int mGapDir
android.support.v7.widget.StaggeredGridLayoutManager$LazySpanLookup$FullSpanItem: int[] mGapPerSpan
android.support.v7.widget.StaggeredGridLayoutManager$LazySpanLookup$FullSpanItem: boolean mHasUnwantedGapAfter
android.support.v7.widget.StaggeredGridLayoutManager$LazySpanLookup$FullSpanItem: android.os.Parcelable$Creator CREATOR
android.support.v7.widget.StaggeredGridLayoutManager$LazySpanLookup$FullSpanItem: StaggeredGridLayoutManager$LazySpanLookup$FullSpanItem(android.os.Parcel)
android.support.v7.widget.StaggeredGridLayoutManager$LazySpanLookup$FullSpanItem: StaggeredGridLayoutManager$LazySpanLookup$FullSpanItem()
android.support.v7.widget.StaggeredGridLayoutManager$LazySpanLookup$FullSpanItem: int getGapForSpan(int)
android.support.v7.widget.StaggeredGridLayoutManager$LazySpanLookup$FullSpanItem: void invalidateSpanGaps()
android.support.v7.widget.StaggeredGridLayoutManager$LazySpanLookup$FullSpanItem: int describeContents()
android.support.v7.widget.StaggeredGridLayoutManager$LazySpanLookup$FullSpanItem: void writeToParcel(android.os.Parcel,int)
android.support.v7.widget.StaggeredGridLayoutManager$LazySpanLookup$FullSpanItem: java.lang.String toString()
android.support.v7.widget.StaggeredGridLayoutManager$LazySpanLookup$FullSpanItem$1
android.support.v7.widget.StaggeredGridLayoutManager$LazySpanLookup$FullSpanItem$1: StaggeredGridLayoutManager$LazySpanLookup$FullSpanItem$1()
android.support.v7.widget.StaggeredGridLayoutManager$LazySpanLookup$FullSpanItem$1: android.support.v7.widget.StaggeredGridLayoutManager$LazySpanLookup$FullSpanItem createFromParcel(android.os.Parcel)
android.support.v7.widget.StaggeredGridLayoutManager$LazySpanLookup$FullSpanItem$1: android.support.v7.widget.StaggeredGridLayoutManager$LazySpanLookup$FullSpanItem[] newArray(int)
android.support.v7.widget.StaggeredGridLayoutManager$LazySpanLookup$FullSpanItem$1: java.lang.Object[] newArray(int)
android.support.v7.widget.StaggeredGridLayoutManager$LazySpanLookup$FullSpanItem$1: java.lang.Object createFromParcel(android.os.Parcel)