BoostSpeed/proguard/mapping.txt
com.boost.clean.speedbooster.ContentValueApp -> com.boost.clean.speedbooster.a:
    java.lang.String AD_UNIT_ID -> a
    java.lang.String AD_UNIT_ID_INTERSTITIAL -> b
com.boost.clean.speedbooster.IntroActivity -> com.boost.clean.speedbooster.IntroActivity:
    java.util.Timer timer -> timer
    com.daimajia.numberprogressbar.NumberProgressBar bnp -> bnp
    22:51:void onCreate(android.os.Bundle) -> onCreate
    56:58:void onDestroy() -> onDestroy
    65:65:void onProgressChange(int,int) -> onProgressChange
    1:1:android.view.View onCreateView(android.view.View,java.lang.String,android.content.Context,android.util.AttributeSet) -> onCreateView
    1:1:android.view.View onCreateView(java.lang.String,android.content.Context,android.util.AttributeSet) -> onCreateView
    18:18:com.daimajia.numberprogressbar.NumberProgressBar access$2(com.boost.clean.speedbooster.IntroActivity) -> access$2
com.boost.clean.speedbooster.IntroActivity$1 -> com.boost.clean.speedbooster.b:
    com.boost.clean.speedbooster.IntroActivity this$0 -> a
    33:40:void run() -> run
    30:30:com.boost.clean.speedbooster.IntroActivity access$0(com.boost.clean.speedbooster.IntroActivity$1) -> a
com.boost.clean.speedbooster.IntroActivity$1$1 -> com.boost.clean.speedbooster.c:
    com.boost.clean.speedbooster.IntroActivity$1 this$1 -> a
    36:38:void run() -> run
com.boost.clean.speedbooster.IntroActivity$2 -> com.boost.clean.speedbooster.d:
    com.boost.clean.speedbooster.IntroActivity this$0 -> a
    46:49:void run() -> run
com.boost.clean.speedbooster.MainActivity -> com.boost.clean.speedbooster.MainActivity:
    android.view.Menu mMenu -> e
    java.lang.String prefname -> a
    android.support.v4.app.Fragment mCurrentFragment -> f
    int[] $SWITCH_TABLE$com$boost$clean$speedbooster$MainActivity$HeaderBarType -> g
    47:57:void onCreate(android.os.Bundle) -> onCreate
    60:68:void countRunApp() -> a
    73:81:void savingPreferences() -> b
    84:87:void createAdsAndBill() -> c
    90:93:boolean onCreateOptionsMenu(android.view.Menu) -> onCreateOptionsMenu
    98:119:boolean onOptionsItemSelected(android.view.MenuItem) -> onOptionsItemSelected
    123:143:void replaceFragment(android.support.v4.app.Fragment,boolean) -> a
    147:152:void onBackPressed() -> onBackPressed
    155:198:void onBack() -> d
    202:205:void setTitleHeader(java.lang.String) -> a
    209:249:void setTypeHeader(com.boost.clean.speedbooster.MainActivity$HeaderBarType) -> a
    253:263:void onRequestPermissionsResult(int,java.lang.String[],int[]) -> onRequestPermissionsResult
    1:1:android.view.View onCreateView(android.view.View,java.lang.String,android.content.Context,android.util.AttributeSet) -> onCreateView
    1:1:android.view.View onCreateView(java.lang.String,android.content.Context,android.util.AttributeSet) -> onCreateView
    31:31:int[] $SWITCH_TABLE$com$boost$clean$speedbooster$MainActivity$HeaderBarType() -> e
com.boost.clean.speedbooster.MainActivity$1 -> com.boost.clean.speedbooster.e:
    com.boost.clean.speedbooster.MainActivity this$0 -> a
    178:182:void onClick(android.content.DialogInterface,int) -> onClick
com.boost.clean.speedbooster.MainActivity$2 -> com.boost.clean.speedbooster.f:
    com.boost.clean.speedbooster.MainActivity this$0 -> a
    188:189:void onClick(android.content.DialogInterface,int) -> onClick
...
com.google.android.gms.analytics.HitBuilders$HitBuilder -> com.google.android.gms.analytics.HitBuilders$HitBuilder:
    java.util.Map BA -> BA
    com.google.android.gms.analytics.ecommerce.ProductAction BB -> BB
    java.util.Map BC -> BC
    java.util.List BD -> BD
    java.util.List BE -> BE
    com.google.android.gms.analytics.HitBuilders$HitBuilder setNewSession() -> setNewSession
    com.google.android.gms.analytics.HitBuilders$HitBuilder setNonInteraction(boolean) -> setNonInteraction
    com.google.android.gms.analytics.HitBuilders$HitBuilder setCampaignParamsFromUrl(java.lang.String) -> setCampaignParamsFromUrl
    com.google.android.gms.analytics.HitBuilders$HitBuilder setCustomDimension(int,java.lang.String) -> setCustomDimension
    com.google.android.gms.analytics.HitBuilders$HitBuilder setCustomMetric(int,float) -> setCustomMetric
    com.google.android.gms.analytics.HitBuilders$HitBuilder set(java.lang.String,java.lang.String) -> set
    com.google.android.gms.analytics.HitBuilders$HitBuilder setAll(java.util.Map) -> setAll
    java.util.Map build() -> build
    com.google.android.gms.analytics.HitBuilders$HitBuilder setProductAction(com.google.android.gms.analytics.ecommerce.ProductAction) -> setProductAction
    com.google.android.gms.analytics.HitBuilders$HitBuilder addImpression(com.google.android.gms.analytics.ecommerce.Product,java.lang.String) -> addImpression
com.google.android.gms.analytics.HitBuilders$ItemBuilder -> com.google.android.gms.analytics.HitBuilders$ItemBuilder:
    com.google.android.gms.analytics.HitBuilders$ItemBuilder setTransactionId(java.lang.String) -> setTransactionId
    com.google.android.gms.analytics.HitBuilders$ItemBuilder setName(java.lang.String) -> setName
    com.google.android.gms.analytics.HitBuilders$ItemBuilder setSku(java.lang.String) -> setSku
    com.google.android.gms.analytics.HitBuilders$ItemBuilder setCategory(java.lang.String) -> setCategory
    com.google.android.gms.analytics.HitBuilders$ItemBuilder setPrice(double) -> setPrice
    com.google.android.gms.analytics.HitBuilders$ItemBuilder setQuantity(long) -> setQuantity
    com.google.android.gms.analytics.HitBuilders$ItemBuilder setCurrencyCode(java.lang.String) -> setCurrencyCode
    java.util.Map build() -> build
com.google.android.gms.analytics.HitBuilders$ScreenViewBuilder -> com.google.android.gms.analytics.HitBuilders$ScreenViewBuilder:
    java.util.Map build() -> build
com.google.android.gms.analytics.HitBuilders$SocialBuilder -> com.google.android.gms.analytics.HitBuilders$SocialBuilder:
    com.google.android.gms.analytics.HitBuilders$SocialBuilder setNetwork(java.lang.String) -> setNetwork
    com.google.android.gms.analytics.HitBuilders$SocialBuilder setAction(java.lang.String) -> setAction
    com.google.android.gms.analytics.HitBuilders$SocialBuilder setTarget(java.lang.String) -> setTarget
    java.util.Map build() -> build
com.google.android.gms.analytics.HitBuilders$TimingBuilder -> com.google.android.gms.analytics.HitBuilders$TimingBuilder:
    com.google.android.gms.analytics.HitBuilders$TimingBuilder setVariable(java.lang.String) -> setVariable
    com.google.android.gms.analytics.HitBuilders$TimingBuilder setValue(long) -> setValue
    com.google.android.gms.analytics.HitBuilders$TimingBuilder setCategory(java.lang.String) -> setCategory
    com.google.android.gms.analytics.HitBuilders$TimingBuilder setLabel(java.lang.String) -> setLabel
    java.util.Map build() -> build