BoostSpeed/proguard/usage.txt
com.boost.clean.speedbooster.BuildConfig
com.boost.clean.speedbooster.ContentValueApp:
    3:3:public ContentValueApp()
com.boost.clean.speedbooster.R:
    10:10:public R()
com.boost.clean.speedbooster.R$anim
com.boost.clean.speedbooster.R$attr
com.boost.clean.speedbooster.R$bool
com.boost.clean.speedbooster.R$color
com.boost.clean.speedbooster.R$dimen
com.boost.clean.speedbooster.R$drawable
com.boost.clean.speedbooster.R$id
com.boost.clean.speedbooster.R$integer
com.boost.clean.speedbooster.R$layout
com.boost.clean.speedbooster.R$menu
com.boost.clean.speedbooster.R$mipmap
com.boost.clean.speedbooster.R$raw
com.boost.clean.speedbooster.R$string
com.boost.clean.speedbooster.R$style
com.boost.clean.speedbooster.R$styleable:
    4419:4419:public R$styleable()
com.boost.clean.speedbooster.R$xml
com.boost.clean.speedbooster.adapter.AnimatedExpandableListView:
    private static final int ANIMATION_DURATION
com.boost.clean.speedbooster.adapter.AnimatedExpandableListView$AnimatedExpandableListAdapter:
    private static final int STATE_IDLE
    private static final int STATE_EXPANDING
    private static final int STATE_COLLAPSING
com.boost.clean.speedbooster.asyncTask.TaskClean:
    private static final java.lang.String TAG
com.boost.clean.speedbooster.fragments.AppManagerFragment:
    private static final int UNINSTALL_REQUEST_CODE
com.boost.clean.speedbooster.fragments.BatteryFragmentDetails:
    private static final java.lang.String KEY_BATTERY_SAVER
    private static final java.lang.String KEY_TYPE_BATTERY_SAVER
    private static final java.lang.String KEY_POSITION
com.boost.clean.speedbooster.fragments.BatterySavingPlanFragment:
    public static final int TYPE_START
    public static final int TYPE_STOP
    public static final int TYPE_PERIOD
    public static final int TYPE_PERIOD_OUTSIDE
com.boost.clean.speedbooster.fragments.BoostResultFragment:
    private static final java.lang.String KEY_RESULT_BOOST
com.boost.clean.speedbooster.fragments.HomeFragment:
    public static final int WRITE_EXTERNAL_STORAGE_REQUEST
com.boost.clean.speedbooster.model.BatterySaver:
    public static final int TYPE_SUPPER_SAVING
    public static final int TYPE_NORMAL
    public static final int TYPE_CUSTOM
    public static final int TYPE_ADD
    public static final int TYPE_NEW
com.boost.clean.speedbooster.model.ChildItem:
    public static final int TYPE_APKS
    public static final int TYPE_CACHE
    public static final int TYPE_DOWNLOAD_FILE
    public static final int TYPE_LARGE_FILES
    44:44:public java.lang.String getPackageName()
    52:53:public void setType(int)
    68:69:public void setPath(java.lang.String)
com.boost.clean.speedbooster.model.GroupItem:
    public static final int TYPE_FILE
    public static final int TYPE_CACHE
com.boost.clean.speedbooster.model.GroupItemAppManager:
    public static final int TYPE_USER_APPS
    public static final int TYPE_SYSTEM_APPS
com.boost.clean.speedbooster.model.PackagesInfo:
    private java.util.List appList
    14:17:public PackagesInfo(android.content.Context)
    19:22:public PackagesInfo(android.content.Context,java.lang.String)
    26:38:public android.content.pm.ApplicationInfo getInfo(java.lang.String)
com.boost.clean.speedbooster.model.TaskInfo:
    private android.widget.CheckBox chkTask
    55:55:public int getIcon()
    59:59:public java.lang.String getPackageName()
    64:71:public java.lang.String getTitle()
    96:97:public void setAppinfo(android.content.pm.ApplicationInfo)
    100:100:public com.boost.clean.speedbooster.model.PackagesInfo getPkgInfo()
    104:105:public void setPkgInfo(com.boost.clean.speedbooster.model.PackagesInfo)
    108:108:public android.app.ActivityManager$RunningAppProcessInfo getRuninfo()
    112:113:public void setRuninfo(android.app.ActivityManager$RunningAppProcessInfo)
    124:125:public void setChkTask(android.widget.CheckBox)
...
android.support.v4.media.routing.MediaRouterJellybean$Callback
android.support.v4.media.routing.MediaRouterJellybean$CallbackProxy
android.support.v4.media.routing.MediaRouterJellybean$GetDefaultRouteWorkaround
android.support.v4.media.routing.MediaRouterJellybean$RouteCategory
android.support.v4.media.routing.MediaRouterJellybean$RouteGroup
android.support.v4.media.routing.MediaRouterJellybean$RouteInfo
android.support.v4.media.routing.MediaRouterJellybean$SelectRouteWorkaround
android.support.v4.media.routing.MediaRouterJellybean$UserRouteInfo
android.support.v4.media.routing.MediaRouterJellybean$VolumeCallback
android.support.v4.media.routing.MediaRouterJellybean$VolumeCallbackProxy
android.support.v4.media.routing.MediaRouterJellybeanMr1
android.support.v4.media.routing.MediaRouterJellybeanMr1$ActiveScanWorkaround
android.support.v4.media.routing.MediaRouterJellybeanMr1$Callback
android.support.v4.media.routing.MediaRouterJellybeanMr1$CallbackProxy
android.support.v4.media.routing.MediaRouterJellybeanMr1$IsConnectingWorkaround
android.support.v4.media.routing.MediaRouterJellybeanMr1$RouteInfo
android.support.v4.media.routing.MediaRouterJellybeanMr2
android.support.v4.media.routing.MediaRouterJellybeanMr2$RouteInfo
android.support.v4.media.routing.MediaRouterJellybeanMr2$UserRouteInfo
android.support.v4.media.session.IMediaControllerCallback
android.support.v4.media.session.IMediaControllerCallback$Stub
android.support.v4.media.session.IMediaControllerCallback$Stub$Proxy
android.support.v4.media.session.IMediaSession
android.support.v4.media.session.IMediaSession$Stub
android.support.v4.media.session.IMediaSession$Stub$Proxy
android.support.v4.media.session.MediaButtonReceiver:
    118:126:public static android.view.KeyEvent handleIntent(android.support.v4.media.session.MediaSessionCompat,android.content.Intent)
android.support.v4.media.session.MediaControllerCompat:
    private static final java.lang.String TAG
    private final android.support.v4.media.session.MediaSessionCompat$Token mToken
    66:79:public MediaControllerCompat(android.content.Context,android.support.v4.media.session.MediaSessionCompat)
    89:100:public MediaControllerCompat(android.content.Context,android.support.v4.media.session.MediaSessionCompat$Token)
    108:108:public android.support.v4.media.session.MediaControllerCompat$TransportControls getTransportControls()
    119:122:public boolean dispatchMediaButtonEvent(android.view.KeyEvent)
    131:131:public android.support.v4.media.session.PlaybackStateCompat getPlaybackState()
    140:140:public android.support.v4.media.MediaMetadataCompat getMetadata()
    150:150:public java.util.List getQueue()
    157:157:public java.lang.CharSequence getQueueTitle()
    164:164:public android.os.Bundle getExtras()
    182:182:public int getRatingType()
    192:192:public long getFlags()
    201:201:public android.support.v4.media.session.MediaControllerCompat$PlaybackInfo getPlaybackInfo()
    211:211:public android.app.PendingIntent getSessionActivity()
    220:220:public android.support.v4.media.session.MediaSessionCompat$Token getSessionToken()
    235:236:public void setVolumeTo(int,int)
    252:253:public void adjustVolume(int,int)
    262:263:public void registerCallback(android.support.v4.media.session.MediaControllerCompat$Callback)
android.support.v4.media.session.MediaControllerCompat$1
android.support.v4.media.session.MediaControllerCompat$Callback
android.support.v4.media.session.MediaControllerCompat$Callback$MessageHandler
android.support.v4.media.session.MediaControllerCompat$Callback$StubApi21
android.support.v4.media.session.MediaControllerCompat$Callback$StubCompat